[  000000 Iniiaizin coup suyspuse
   0000] Intiizng cro sbsy c
[    0.000000] Initializnggrupubs cpcc
[    0.000000] Linux version 4.0-3-genec builddlc1-02)(g vrsio5.0 20609 (Unt 5.4.0-ubunu11604.4) #1-Ubunu P on Jn  17:54:25 TC2017Ubntu4.0-3.06enric 4.0)
  0.00000KENELsuored cps:
[  .00000]   Inte GnuineInt
[   0.000]  MDAuthencAD
[   0.0000]  NS Gode bNS
[    0.000]  Cyrx riInstad[    0.0000]   Centr Centauauls
[  00000]  Transma enuineTMx
[   .00000]  Tnsmeta TanetaCPU
   0.000   UMCMCUMC C[   .00000]x8/fu:xstate_fft[]:  57 xtate_sizs[]:  25
   0.0000] 6/fp: Supoting AVfeatur0x1: 'x87 floaing inregier
[    0.000000 x6/fp SportngSAE feur0x02: 'SSEegisrs
[   0.0000 x/fu: Suporin XAVE feature 0x4:AV regites'
[   .00000] x8fp Enalexsate atres 0x cntex se s 832 te, in'standrdformat
   0.000 x86/fp Uing az FPU contxtwitches.
[   0.000]e820: BOSroided pysal R mp:
[    00000] OS820:me00x00000000000-00000009fbff]saee
[  000000] BOSe820[m 0x00000009c00x0000000009fff]esrved
[    0000000BIS-e8: me 0x00000000f000-0x00000000000ffff]esrved
[   .0000]IOS-e80:mem 0000000000-0x00000ffff] usabl
[   0.000000] IOS-20 [emx0000000ff000-0x000003fffff]CPI ta
[   00000] BIOS-e80: [em 0x00000000fc0000x000000ec0fff] reserved
[   0000] OS-e0:mem x000000f0000-000000f00f] resve
[    0.0000 BIOS-82 [mem x00000ff0000-0x00000000fffffff] rerve
[    .000000 NXExcute Dsae) potctn: ati
[   .00000]SMIO 25 pren.
[   00000]Hyrviso deced: K
   00000 e82 lstpf= 3fffma_arc_pf =x100000[    000000]MTR:isbled
[  .00000 x6/PA: TRR disabld,skpingATnitiizion oo
[   0.000000] x86/PAT Confiurtion 0-: WB T C- U    T UC U 
[   00000] C MRRs l ank viualized sysem
[    0.0000]ound SMP -tab a[memx009fff0-0x009ff mapped a [09ff0]
[  00000] anning 1 ea forlomeory corrupion   0.0000] AMISK:[m 03635a000-0x371ff
[   0.000] ACP Erly taleheckm rificatiodisale
   0.0000 API: RSP x000000000000 00024v0 VX 
[    .00000 ACPI: XSDT x000003FFF030 0003C (v1 BOX   VBOXSD00000001 A  0000)
[    000000] ACPI: FP x000000003FF00F0 0000F(v04 VBOX   VBOXFP 000001 ASL  000006)[   .00000] ACPI: DSDT 0x000000003FFF0470 00210(v1 BOX   VBOXBIOS 0000002NT 201052
    0000] CPI: FS 0x000003FF00 0004
  0.0000ACPI: AC0x0000003FF0200 00004
[    0.00000] ACP: IC 0x0000003FF00 0005C 02VBOX VXAPIC 00001 AS 00001)
[   0.0000] ACPI: SD0x000003FF00 01CC (v01 OX  BOPUT 00002 IN 210058)
[  .00000] 131MB HIGHMEM ailae.
[  0.0000] 891 LOWMEMvaable
[   .000000]  pppeloram: -7bfe0[   .00000   low ram: 0 - 37bfe000
[    0.000000] kvm-clock: Using msrs 4b564d01 and 4b564d00
[    0.000000] kvm-clock: cpu 0, msr 0:37bfd001, primary cpu clock
[    0.000000] kvm-clock: using sched offset of 3220138236 cycles
[    0.000000] clckure: k-cck: mak:xfffffffffff m_cles: 01c2e4dffb m_ile_ns: 81905948ns
[    00000] Zo rans:
[    0.000] D      me0x00000001000-00000000fff]
[  00000  Normal  em 0x00000010000-000000003bffff][   0000]   HiMe [mem 0x00000037e00-0x000003ffeffff]
[   00000] Movalezone stt r eachno
[   .0000] Erlmemoryod raes
[    00000   nod  : mem 0x0000000000000x0000000009ef]
[  00000  ode 0:mem 0000000000-0x000000fefff][   .0000] Iitm setu ne 0 [mem 0x0000000000010-x0000003fefff]
[  0.0000UsngAPIC diver efault
  0.0000 AI: PTier IPo: 0x4008[   0000] APC[0] ac_id 2 vsion 2,ddess fe0000 GI 0-23
[   00000] CPI: T_RC_OR us0 buir0 gloalirq 2 l l)
[   0000 API: T_RCVRbus 0 bus_irq 9 global_q  high leel
[  000000] sig PI (ADT) for SMP configuration information
[    0.000000] smpboot: Allowing 2 CPUs, 0 hotplug CPUs
[    0.000000] P Registeedosave meor: [mm 0000000-0x00000fff]
[   0.0000]PMReisted osave mery [mem 0x09000x00fff][   0.000]PM Riser nave memory: [em0x000a000x0eff]   0.0000 PM: Regstred sae meor [em 000000-00ffff
  0.0000] 820: [mem 0x400000xfebffff] aiableorPCI dvies
[   0.0000Bootngarvirtlid kernel onVM
[  .000000] ccksocerefid-ffies:as 0xffffff max_ycs:0xfffff, ax_id_ns:7651600256 ns[   0.0000] sep_rcpuNRCPS:8 nrcpmas_bit8 _cpuds nr_deds:1
[   .0000]PEPUEmbeded9 ages/cp@f1b00 s743 rd303 u7784
[  0000000 Pqspinlock as tablenties:12orde 04096 bte
    0.000] Bui 1zoeliss  Zone orde, moli groupin o.  Total page: 2500
[  0.0000Keel coman lineBO_IMA=/ot/vin-4.4.03-eneric otUUID=7e28d-cd35-451-98-5345e704roonsole=tyconsletyS0
[    0.000] PIha tab eries: 09(oder: 2, 1684 btes)
  0.0000 Dntryac hash bl entris:3172 (de: 7,248 byte)[   .00000] Inode-cahehashab entri: 655 (der:6,6244 bys)
[   0.0000 Initliin CU#
[    0.00] Initliing HighM fr no 00003fe003f0)
[    0000] Iniaizing vale f ne 0 00000000000)[   0.0000]Memo: 008300108120Kavailale (760K kernel cod, 70 rwdat, 16K odata,94 init, 800bss,390Kreserve,  ca-resrv, 135112K higem)[  0.000 viralkernl moy laut
[  0.0000   fixap: 0xfff100- 0xffff0   93 kB)[    0.0000]   pap  : xffc00000 0xe000  (204 k
[   0000   vmaoc: 0x83e00 - 0fbe000   10 MB)   000000    loem : 000000  07bfe00 ( 91 MB
[  .00000]     .init : 0xba00 -xc8c00   90 kB
   0000]    data : 0xc17c63cb - c19fb4  3941B)[    0.000000]   .text 0xc10000  017c63cb   (70 kB)
[  0.000 Checking i thipressor hnors the W bit evn insurvsor mode..O
    00000] SLU: Walign=, rder-3MinOec=0, CPUs= Nodes=1[   0.000000] HierarchicalRCU implentatio
    00000] 	Buildime djtmnt of affanot  3.
[   0.0000] 	RCU restricting PU fromNRCPUS=tonr_cu_s=.
[    0.000]RCU:djtingeotry r u_fanout_ea32, nr_cpu_ids=2
[   0000] _IRQS:30nr_irqs:440 6    0.00000 Cnsolecour VGA+ 80x25
[  0.0000] cnse [t1]nabld    0.0000 console [ttyS0] ebl
[   00000] llatd 1085 bteofpa_et
[    0.000000] tsc: Detected 2194.918 MHz processor
[   33.550115] Calibrating delay loop (skipped) preset value.. 4389.83 BogoMIPS (lpj=8779672)
[   33.759021] pid_max: default: 32768 minimum: 301
[   33.869830] ACPI: Core revision 20150930
[   33.959557] ACPI: 2 ACPI AML tables successfully acquired and loaded
[   34.089267] Security Framework initialized
[   34.158743] Yama: becoming mindful.
[   34.196170] AppArmor: AppArmor initialized
[   34.304628] Mount-cache hash table entries: 2048 (order: 1, 8192 bytes)
[   34.458477] Mountpoint-cache hash table entries: 2048 (order: 1, 8192 bytes)
[   34.647559] Initializing cgroup subsys io
[   34.725144] Initializing cgroup subsys memory
[   34.845172] Initializing cgroup subsys devices
[   34.960821] Initializing cgroup subsys freezer
[   35.072054] Initializing cgroup subsys net_cls
[   35.171873] Initializing cgroup subsys perf_event
[   35.225546] Initializing cgroup subsys net_prio
[   35.324327] Initializing cgroup subsys hugetlb
[   35.444403] Initializing cgroup subsys pids
[   35.519158] CPU: Physical Processor ID: 0
[   35.620448] CPU: Processor Core ID: 0
[   35.714839] mce: CPU supports 0 MCE banks
[   35.821387] Last level iTLB entries: 4KB 1024, 2MB 1024, 4MB 1024
[   35.968081] Last level dTLB entries: 4KB 1024, 2MB 1024, 4MB 1024, 1GB 4
[   36.110363] Freeing SMP alternatives memory: 28K (c1c8c000 - c1c93000)
[   36.266541] ftrace: allocating 31411 entries in 62 pages
[   36.383207] smpboot: APIC(0) Converting physical 0 to logical package 0
[   36.559760] smpboot: Max logical packages: 1
[   36.671631] Enabling APIC mode:  Flat.  Using 1 I/O APICs
[   36.818252] ..TIMER: vector=0x30 apic1=0 pin1=2 apic2=-1 pin2=-1
[   37.097973] smpboot: CPU0: Intel(R) Core(TM) i7-4770HQ CPU @ 2.20GHz (family: 0x6, model: 0x46, stepping: 0x1)
[   37.344642] Performance Events: unsupported p6 CPU model 70 no PMU driver, software events only.
[   37.505346] KVM setup paravirtual spinlock
[   37.616666] x86: Booting SMP configuration:
[   37.741226] .... node  #0, CPUs:      #1
[1266874886.489413] Initializing CPU#1
[   37.896061] kvm-clock: cpu 1, msr 0:37bfd041, secondary cpu clock
[   37.898646] mce: CPU supports 0 MCE banks
[   37.901268] x86: Booted up 1 node, 2 CPUs
[   37.998441] smpboot: Total of 2 processors activated (8779.67 BogoMIPS)
[   38.164918] devtmpfs: initialized
[   38.233148] evm: security.selinux
[   38.324177] evm: security.SMACK64
[   38.347848] evm: security.SMACK64EXEC
[   38.348473] evm: security.SMACK64TRANSMUTE
[   38.349139] evm: security.SMACK64MMAP
[   38.349777] evm: security.ima
[   38.389757] evm: security.capability
[   38.456029] clocksource: jiffies: mask: 0xffffffff max_cycles: 0xffffffff, max_idle_ns: 7645041785100000 ns
[   38.506349] futex hash table entries: 512 (order: 3, 32768 bytes)
[   38.595281] pinctrl core: initialized pinctrl subsystem
[   38.713905] RTC time: 12:59:35, date: 07/15/17
[   38.828897] NET: Registered protocol family 16
[   38.886078] EISA bus registered
[   38.967071] cpuidle: using governor ladder
[   39.039037] cpuidle: using governor menu
[   39.114866] PCCT header not found.
[   39.200418] ACPI: bus type PCI registered
[   39.295306] acpiphp: ACPI Hot Plug PCI Controller Driver version: 0.5
[   39.384575] PCI : PCI BIOS area is rw and x. Use pci=nobios if you want it NX.
[   39.519814] PCI: PCI BIOS revision 2.10 entry at 0xfda26, last bus=0
[   39.596291] PCI: Using configuration type 1 for base access
[   39.644908] ACPI: Added _OSI(Module Device)
[   39.699294] ACPI: Added _OSI(Processor Device)
[   39.770444] ACPI: Added _OSI(3.0 _SCP Extensions)
[   39.875289] ACPI: Added _OSI(Processor Aggregator Device)
[   39.965383] ACPI: Executed 1 blocks of module-level executable AML code
[   40.022534] ACPI: Interpreter enabled
[   40.103497] ACPI: (supports S0 S5)
[   40.168162] ACPI: Using IOAPIC for interrupt routing
[   40.273038] PCI: Using host bridge windows from ACPI; if necessary, use "pci=nocrs" and report a bug
[   40.453608] ACPI: PCI Root Bridge [PCI0] (domain 0000 [bus 00-ff])
[   40.568464] acpi PNP0A03:00: _OSC: OS supports [ASPM ClockPM Segments MSI]
[   40.705987] acpi PNP0A03:00: _OSC failed (AE_NOT_FOUND); disabling ASPM
[   40.833096] acpi PNP0A03:00: fail to add MMCONFIG information, can't access extended PCI configuration space under this bridge.
[   41.044370] PCI host bridge to bus 0000:00
[   41.147306] pci_bus 0000:00: root bus resource [io  0x0000-0x0cf7 window]
[   41.293377] pci_bus 0000:00: root bus resource [io  0x0d00-0xffff window]
[   41.484840] pci_bus 0000:00: root bus resource [mem 0x000a0000-0x000bffff window]
[   41.687857] pci_bus 0000:00: root bus resource [mem 0x40000000-0xffdfffff window]
[   41.796200] pci_bus 0000:00: root bus resource [bus 00-ff]
[   41.859384] pci 0000:00:01.1: legacy IDE quirk: reg 0x10: [io  0x01f0-0x01f7]
[   41.860438] pci 0000:00:01.1: legacy IDE quirk: reg 0x14: [io  0x03f6]
[   42.037728] pci 0000:00:01.1: legacy IDE quirk: reg 0x18: [io  0x0170-0x0177]
[   42.223722] pci 0000:00:01.1: legacy IDE quirk: reg 0x1c: [io  0x0376]
[   42.426267] pci 0000:00:07.0: quirk: [io  0x4000-0x403f] claimed by PIIX4 ACPI
[   42.619004] pci 0000:00:07.0: quirk: [io  0x4100-0x410f] claimed by PIIX4 SMB
[   42.766868] ACPI: PCI Interrupt Link [LNKA] (IRQs 5 9 10 *11)
[   42.838292] ACPI: PCI Interrupt Link [LNKB] (IRQs 5 9 10 *11)
[   42.896568] ACPI: PCI Interrupt Link [LNKC] (IRQs 5 9 *10 11)
[   42.962687] ACPI: PCI Interrupt Link [LNKD] (IRQs 5 *9 10 11)
[   43.106268] ACPI: Enabled 2 GPEs in block 00 to 07
[   43.229565] vgaarb: setting as boot device: PCI:0000:00:02.0
[   43.376153] vgaarb: device added: PCI:0000:00:02.0,decodes=io+mem,owns=io+mem,locks=none
[   43.599222] vgaarb: loaded
[   43.674076] vgaarb: bridge control possible 0000:00:02.0
[   43.818257] SCSI subsystem initialized
[   43.921978] ACPI: bus type USB registered
[   43.987306] usbcore: registered new interface driver usbfs
[   44.064411] usbcore: registered new interface driver hub
[   44.206817] usbcore: registered new device driver usb
[   44.338531] PCI: Using ACPI for IRQ routing
[   44.450808] NetLabel: Initializing
[   44.543293] NetLabel:  domain hash size = 128
[   44.647755] NetLabel:  protocols = UNLABELED CIPSOv4
[   44.789467] NetLabel:  unlabeled traffic allowed by default
[   44.946443] amd_nb: Cannot enumerate AMD northbridges
[   45.038596] clocksource: Switched to clocksource kvm-clock
[   45.129 AArr:ppmoFisyemnaed
[ 453951] p:PnAC it  6.84] np P AI:ou 3eves[ 46617] PnPBIOS: Dibl bAC P
[ 47478]losouceac_p msk0xff m_cle 0ffff m_ie_: 8510 n
[ 48625]ET Rgiteedproco fil 2
[ 486962] TC eabsh hh ab eri: 92orr:3, 376byte)  9.29] CP bd shab eri: 92orr:, 53bys)[ 505434 TP:as tabes coigedesblhe81 bind 8192)
[  51280UDha tlentrs:12orr: , 6384 btes)[ 51219]DPitha tlentes51(oer2,63 byts)
  2.7102] T:Rested potolfamily1  3.38] ci 00::00:imindictCI/P tnsrs[ 53592]ci00001. AivinISDMha wkauns
[   4.25] pain iitam..

[   55.401590] Freeing initrd memory: 14636K (f635a000 - f71a5000)
[   55.553556] platform rtc_cmos: registered platform RTC device (no PNP device found)
[   55.651482] Scanning for low memory corruption every 60 seconds
[   55.732194] audit: initializing netlink subsys (disabled)
[   55.787997] audit: type=2000 audit(1500123553.441:1): initialized
[   55.914930] Initialise system trusted keyring
[   56.044611] HugeTLB registered 2 MB page size, pre-allocated 0 pages
[   56.1182] udloed
[   56750]FS Disquas dquot_6.6.
[  56.22] c:efedSClosorce calibratin:21.7 M
[   56.5220]losource: tsc: mask: 0xffffffffffffffff max_cycles: 0x1f9ef54ff0b, max_idle_ns: 440795214961 ns
[   57.734779] VFS: Dquot-cache hash table entries: 1024 (order 0, 4096 bytes)
[   57.900690] squashfs: version 4.0 (2009/01/31) Phillip Lougher
[   57.958459] fuse init (API version 7.23)
[   58.007673] Key type big_key registered
[   58.048178] Allocating IMA MOK and blacklist keyrings.
[   58.116858] Key type asymmetric registered
[   58.229392] Asymmetric key parser 'x509' registered
[   58.304293] bounce: pool size: 64 pages
[   58.351204] Block layer SCSI generic (bsg) driver version 0.4 loaded (major 249)
[   58.492702] io scheduler noop registered
[   58.587261] io scheduler deadline registered (default)
[   58.706727] io scheduler cfq registered
[   8.133]ciotugPC H Pug PC Ce rsn:.5

[   59.449] cieh: I xpssotPlug ntll Dveveio 0
[  60.488]CP AAdte[A] (off-ne

[   606467 inputPor tt a/dic/LSYM:00/LXPBN0/puinut

[   618023 API Peruton [PWF][ 61550]np: ee Butn  /vis/XSTM0/XSBN0/pu/iput

[   .894 AI:Slp tt [SL]
[   6.211] ESHE i notenle
[   63.2685] ACP: atrylo[B0]baerprent)
[   64.206382] isapnp: Scanning for PnP cards...
[   64.395003] Serial: 8250/16550 driver, 32 ports, IRQ sharing enabled
[   64.618726] 00:02: ttyS0 at I/O 0x3f8 (irq = 4, base_baud 120) s 160A
[   64511]isapnpNolu& ayeve un
[ 65548]inx agarinrfe 0.10

[   66.004235] loop: module loaded
[   66.066646] scsi host0: ata_piix
[   66.151435] scsi host1: ata_piix
[   66.223516] ata1: PATA x MA3 d 1f0 l 3fbma xd00ir14[ 661406 aa2 PA max UD/3cm0x0 l 37bma d0 i 1

[   677594 lbphy: Fixe MO s:rod
[   8.16921 t: ivsaTU/T dvice dve 1.6
[   68.693376 tn: ) 9900MaKrnysk<maxk@qlcmmco
[ 69.368 P generi dver eron.42
[   69.772283] ehci_hcd: USB 2.0 'Enhanced' Host Controller (EHCI) Driver
[   69.923410] ehci-pci: EHCI PCI platform driver
[   70.012605] ehci-platform: EHCI generic platform driver
[   70.124510] ohci_hcd: USB 1.1 'Open' Host Controller (OHCI) Driver
[   70.240713] ohci-pci: OHCI PCI platform driver
[   73243 oi-latfm: CIenicplfom iv
  0.7616]hchc: USBnirs Ht ntllr teacdrer
[   71.73331 i42 P: S/CoroerPN0303:PS2K,PNP0f0:PM]t 60x6ir1,
[   72.544717 sri: 8042BDort atx60x i 1[ 73062] seri: i042AUpo a 0x60x6ir12
[   .5984]ousedevPS mseeve mm f al mice
[   74.201909] rtc_cmos rtc_cmos: rtc core: registered rtc_cmos as rtc0
[   74.370984] rtc_cmos rtc_cmos: alarms up to one day, 114 bytes nvram
[   74.517024] i2c /dev entries driver
[   745843int: AT Transated et kbod  /vis/atorm/i8042/sri/iutnp2
[  752980] vi-mpe uventveio 10.

[   75.9614 dicmape: ioctl: .30-ct(25--2 itiis: dm-deledhat.om
[   76.853300] platform eisa.0: Probing EISA bus 0
[   76.959103] platform eisa.0: EISA: Cannot allocate resource for mainboard
[   77.083570] platform eisa.0: Cannot allocate resource for EISA slot 1
[   77.284359] platform eisa.0: Cannot allocate resource for EISA slot 2
[   77.524389] platform eisa.0: Cannot allocate resource for EISA slot 3
[   77.693119] platform eisa.0: Cannot allocate resource for EISA slot 4
[   77.774535] platform eisa.0: Cannot allocate resource for EISA slot 5
[   77.855696] platform eisa.0: Cannot allocate resource for EISA slot 6
[   78.037310] platform eisa.0: Cannot allocate resource for EISA slot 7
[   78.081908] platform eisa.0: Cannot allocate resource for EISA slot 8
[   78.157066] platform eisa.0: EISA: Detected 0 cards
[   78.179219] cpufreq-nforce2: No nForce2 chipset.
[   78.179987] ledtrig-cpu: registered to indicate activity on CPUs
[   78.248389] NET: Registered protocol family 10
[   78.388960] NET: Registered protocol family 17
[   78.501145] Key type dns_resolver registered
[   78.534693] microcode: CPU0 sig=0x40661, pf=0x40, revision=0x0
[   78.563215] microcode: CPU1 sig=0x40661, pf=0x40, revision=0x0
[   78.594775] microcode: Microcode Update Driver: v2.01 <tigran@aivazian.fsnet.co.uk>, Peter Oruba
[   78.623999] Using IPI No-Shortcut mode
[   78.638391] registered taskstats version 1
[   78.697933] Loading compiled-in X.509 certificates
[   78.749925] Loaded X.509 cert 'Build time autogenerated kernel key: 00b6515aa8253425ed3658068d9ee7caac75ba9a'
[   78.847774] zswap: loaded using pool lzo/zbud
[   78.959021] Key type trusted registered
[   79.027702] Key type encrypted registered
[   79.127351] AppArmor: AppArmor sha1 policy hashing enabled
[   79.161575] ima: No TPM chip found, activating TPM-bypass!
[   79.206709] evm: HMAC attrs: 0x1
[   79.234582]   Magic number: 9:846:986
[   79.277851] rtc_cmos rtc_cmos: setting system clock to 2017-07-15 13:00:16 UTC (1500123616)
[   79.333244] BIOS EDD facility v0.16 2004-Jun-25, 0 devices found
[   79.357807] EDD information not available.
[   79.362080] Freeing unused kernel memory: 940K (c1ba1000 - c1c8c000)
[   79.376099] Write protecting the kernel text: 7964k
[   79.402522] Write protecting the kernel read-only data: 3168k
[   79.430804] NX-protecting the kernel data: 6372k
Loading, please [   79.472898] random: systemd-udevd: uninitialized urandom read (16 bytes read, 3 bits of entropy available)
wait...
startin[   79.473630] random: udevadm: uninitialized urandom read (16 bytes read, 3 bits of entropy available)
g version 229
[   79.473666] random: udevadm: uninitialized urandom read (16 bytes read, 3 bits of entropy available)
[   79.473787] random: udevadm: uninitialized urandom read (16 bytes read, 3 bits of entropy available)
[   79.473830] random: udevadm: uninitialized urandom read (16 bytes read, 3 bits of entropy available)
[   79.473871] random: udevadm: uninitialized urandom read (16 bytes read, 3 bits of entropy available)
[   79.473915] random: udevadm: uninitialized urandom read (16 bytes read, 3 bits of entropy available)
[   79.473955] random: udevadm: uninitialized urandom read (16 bytes read, 3 bits of entropy available)
[   79.473994] random: udevadm: uninitialized urandom read (16 bytes read, 3 bits of entropy available)
[   79.474036] random: udevadm: uninitialized urandom read (16 bytes read, 3 bits of entropy available)
[   81.760946] e1000: Intel(R) PRO/1000 Network Driver - version 7.3.21-k8-NAPI
[   81.948237] e1000: Copyright (c) 1999-2006 Intel Corporation.
[   82.046752] Fusion MPT base driver 3.04.20
[   82.197940] Copyright (c) 1999-2008 LSI Corporation
[   82.339029] Fusion MPT SPI Host driver 3.04.20
[   82.676527] input: ImExPS/2 Generic Explorer Mouse as /devices/platform/i8042/serio1/input/input4
[   82.790180] e1000 0000:00:03.0 eth0: (PCI:33MHz:32-bit) 02:15:97:25:9d:45
[   82.790184] e1000 0000:00:03.0 eth0: Intel(R) PRO/1000 Network Connection
[   83.134917] e1000 0000:00:08.0 eth1: (PCI:33MHz:32-bit) 08:00:27:10:d7:af
[   83.134919] e1000 0000:00:08.0 eth1: Intel(R) PRO/1000 Network Connection
[   83.476581] e1000 0000:00:03.0 enp0s3: renamed from eth0
[   83.477279] mptbase: ioc0: Initiating bringup
[   83.538861] ioc0: LSI53C1030 A0: Capabilities={Initiator}
[   83.700847] scsi host2: ioc0: LSI53C1030 A0, FwRev=00000000h, Ports=1, MaxQ=256, IRQ=20
[   83.811249] scsi 2:0:0:0: Direct-Access     VBOX     HARDDISK         1.0  PQ: 0 ANSI: 5
[   83.811254] scsi target2:0:0: Beginning Domain Validation
[   83.812797] scsi target2:0:0: Domain Validation skipping write tests
[   83.812798] scsi target2:0:0: Ending Domain Validation
[   83.812838] scsi target2:0:0: asynchronous
[   83.813066] scsi 2:0:1:0: Direct-Access     VBOX     HARDDISK         1.0  PQ: 0 ANSI: 5
[   83.813069] scsi target2:0:1: Beginning Domain Validation
[   83.813679] scsi target2:0:1: Domain Validation skipping write tests
[   83.813679] scsi target2:0:1: Ending Domain Validation
[   83.813711] scsi target2:0:1: asynchronous
[   83.823552] sd 2:0:0:0: [sda] 20971520 512-byte logical blocks: (10.7 GB/10.0 GiB)
[   83.823825] sd 2:0:0:0: [sda] Write Protect is off
[   83.824008] sd 2:0:0:0: [sda] Incomplete mode parameter data
[   83.824009] sd 2:0:0:0: [sda] Assuming drive cache: write through
[   83.858988] sd 2:0:0:0: Attached scsi generic sg0 type 0
[   83.859403] sd 2:0:1:0: Attached scsi generic sg1 type 0
[   83.859717] sd 2:0:1:0: [sdb] 20480 512-byte logical blocks: (10.5 MB/10.0 MiB)
[   83.860039] sd 2:0:1:0: [sdb] Write Protect is off
[   83.860245] sd 2:0:1:0: [sdb] Incomplete mode parameter data
[   83.860247] sd 2:0:1:0: [sdb] Assuming drive cache: write through
[   83.862456]  sda: sda1
[   83.863488] sd 2:0:0:0: [sda] Attached SCSI disk
[   83.863702] sd 2:0:1:0: [sdb] Attached SCSI disk
[   85.046852] floppy0: no floppy controllers found
[   86.827244] e1000 0000:00:08.0 enp0s8: renamed from eth1
Begin: Loading e[   88.147019] md: linear personality registered for level -1
ssential drivers[   88.319236] md: multipath personality registered for level -4
 ... [   88.384155] md: raid0 personality registered for level 0
[   88.444627] md: raid1 personality registered for level 1
[   88.631275] raid6: mmxx1    gen()  5435 MB/s
[   88.848299] raid6: mmxx2    gen()  5893 MB/s
[   89.010660] raid6: sse1x1   gen()  4681 MB/s
[   89.106851] raid6: sse1x2   gen()  5807 MB/s
[   89.250706] raid6: sse2x1   gen()  9770 MB/s
[   89.414940] raid6: sse2x1   xor()  7020 MB/s
[   89.571089] raid6: sse2x2   gen() 11798 MB/s
[   89.734683] raid6: sse2x2   xor()  7684 MB/s
[   89.860008] raid6: using algorithm sse2x2 gen() 11798 MB/s
[   89.946162] raid6: .... xor() 7684 MB/s, rmw enabled
[   90.064260] raid6: using ssse3x1 recovery algorithm
[   90.132662] xor: automatically using best checksumming function:
[   90.246890]    avx       : 22534.000 MB/sec
[   90.314363] async_tx: api initialized (async)
[   90.472916] md: raid6 personality registered for level 6
[   90.605979] md: raid5 personality registered for level 5
[   90.760780] md: raid4 personality registered for level 4
[   91.006498] md: raid10 personality registered for level 10
done.
Begin: Running /scripts/init-premount ... done.
Begin: Mounti[   91.163876] Btrfs loaded
ng root file system ... Begin: Running /scripts/local-top ... do[   91.244896] EXT4-fs (sda1): mounted filesystem with ordered data mode. Opts: (null)
ne.
Begin: Running /scripts/local-premount ... Scanning for Btrfs filesystems
done.
Warning: fsck not present, so skipping root file system
done.
Begin: Running /scripts/local-bottom ... done.
Begin: Running /scripts/init-bottom ... done.
[   91.460415] systemd[1]: systemd 229 running in system mode. (+PAM +AUDIT +SELINUX +IMA +APPARMOR +SMACK +SYSVINIT +UTMP +LIBCRYPTSETUP +GCRYPT +GNUTLS +ACL +XZ -LZ4 +SECCOMP +BLKID +ELFUTILS +KMOD -IDN)
[   91.467027] systemd[1]: Detected virtualization oracle.
[   91.467874] systemd[1]: Detected architecture x86.

Welcome to [1mUbuntu 16.04.2 LTS[0m!

[   91.483911] systemd[1]: Set hostname to <ubuntu-xenial>.
[   91.743703] systemd[1]: Listening on LVM2 poll daemon socket.
[[0;32m  OK  [0m] Listening on LVM2 poll daemon socket.
[   91.887711] systemd[1]: Listening on Device-mapper event daemon FIFOs.
[[0;32m  OK  [0m] Listening on Device-mapper event daemon FIFOs.
[   91.991279] systemd[1]: Created slice User and Session Slice.
[[0;32m  OK  [0m] Created slice User and Session Slice.
[   92.155082] systemd[1]: Listening on udev Control Socket.
[[0;32m  OK  [0m] Listening on udev Control Socket.
[   92.354866] systemd[1]: Reached target Encrypted Volumes.
[[0;32m  OK  [0m] Reached target Encrypted Volumes.
[   92.539170] systemd[1]: Listening on Journal Audit Socket.
[[0;32m  OK  [0m] Listening on Journal Audit Socket.
[   92.639091] systemd[1]: Listening on Journal Socket (/dev/log).
[[0;32m  OK  [0m] Listening on Journal Socket (/dev/log).
[   92.754968] systemd[1]: Started Forward Password Requests to Wall Directory Watch.
[[0;32m  OK  [0m] Started Forward Password Requests to Wall Directory Watch.
[   92.887163] systemd[1]: Listening on udev Kernel Socket.
[[0;32m  OK  [0m] Listening on udev Kernel Socket.
[   93.095152] systemd[1]: Reached target User and Group Name Lookups.
[[0;32m  OK  [0m] Reached target User and Group Name Lookups.
[   93.407036] systemd[1]: Set up automount Arbitrary Executable File Formats File System Automount Point.
[[0;32m  OK  [0m] Set up automount Arbitrary Executab...ats File System Automount Point.
[   93.671691] systemd[1]: Started Trigger resolvconf update for networkd DNS.
[[0;32m  OK  [0m] Started Trigger resolvconf update for networkd DNS.
[   94.039636] systemd[1]: Listening on Syslog Socket.
[[0;32m  OK  [0m] Listening on Syslog Socket.
[   94.307319] systemd[1]: Listening on LVM2 metadata daemon socket.
[[0;32m  OK  [0m] Listening on LVM2 metadata daemon socket.
[   94.534846] systemd[1]: Reached target Swap.
[[0;32m  OK  [0m] Reached target Swap.
[   94.631206] systemd[1]: Listeningoon /dev/initctl Compatibility Named Pipe.
[[0;32m  OK  [0m] Listening on /dev/initctl Compatibility Named Pipe.
[   95.027497] systemd[1]: Listening on Journal Socket.
[[0;32m  OK  [0m] Listening on Journal Socket.
[   95.256220] systemd[1]: Created slice System Slice.
[[0;32m  OK  [0m] Created slice System Slice.
[   95.492024] systemd[1]: Created slice system-postgresql.slice.
[[0;32m  OK  [0m] Created slice system-postgresql.slice.
[   95.651518] systemd[1]: Starting Monitoring of LVM2 mirrors, snapshots etc. using dmeventd or progress polling...
         Starting Monitoring of LVM2 mirrors... dmeventd or progress polling...
[   96.005061] systemd[1]: Starting Set console keymap...
         Starting Set console keymap...
[   96.243296] systemd[1]: Mounting POSIX Message Queue File System...
         Mounting POSIX Message Queue File System...
[   96.479425] systemd[1]: Mounting Debug File System...
         Mounting Debug File System...
[   6.67628]random: nonbckg ols nitialized
[   97.039089] systemd[1]: Starting Create list of required stttic device nodes for the current kernel...
         Starting Create list of required st... nodes for the current kernel...
[   97.531107] systemd[1]: Mounting RPC Pipe File System...
         Mounting RPC Pip[   97.721256] RPC: Registered named UNIX socket transport module.
e File System...[   97.815305] RPC: Registered udp transport module.

[   97.921298] RPC: Registered tcp transport module.
[   98.944782] RPC: Registered tcp NFSv4.1 backchannel transport module.
[  100.479425] systemd[1]: Starting Nameserver information manager...
         Starting Nameserver information manager...
[  100.827418] systemd[1]: Starting Journal Service...
         Starting Journal Service...
[  101.027022] systemd[1]: Starting Remount Root and Kernel File Systems...
         [  101.096869] EXT4-fs (sda1): re-mounted. Opts: (null)
Starting Remount Root and Kernel File Systems...
[  101.287480] systemd[1]: Starting Uncomplicated firewall...
         Starting Uncomplicated firewall...
[  101.579259] systemd[1]: Starting Load Kernel Modules...
         [  101.781869] Loading iSCSI transport class v2.0-870.
Starting Load Kernel Modules...[  101.935082] iscsi: registered transport (tcp)

[  102.206036] systemd[1]: Reached target Slices.
[[0;32m  OK  [0m] Reached target Slices.
[  102.335225] iscsi: registered transport (iser)
[  102.335488] systemd[1]: Created slice system-serial\x2dgetty.slice.
[[0;32m  OK  [0m] Created slice system-serial\x2dgetty.slice.
[  103.1734] ysem[1 Mntg ge ages Fleysem.
         Mounting Huge Pages File System...
[  103.771895] systemd[1]: Mounted RPC Pipe File System.
[[0;32m  OK  [0m] Mounted RPC Pipe File System.
[ 03409]ysmd[1]: Mountd geag Fleysm.
[[0;32m  OK  [0m] Mounted Huge Pages File System.
[  1046120] stem1]MoteDeg leysm.
[[0;32m  OK  [0m] Mounted Debug File System.
[ 05271]ysmd1] MountePOX sse ueueilSyem
[[0;32m  OK  [0m] Mounted POSIX Message Queue File System.
[ 059141] stemd[1]: Start Jrn Svi.
[[0;32m  OK  [0m] Started Journal Service.
[[0;32m  OK  [0m] Started Set console keymap.
[[0;32m  OK  [0m] Started Create list of required sta...ce nodes for the current kernel.
[[0;32m  OK  [0m] Started Remount Root and Kernel File Systems.
[[0;32m  OK  [0m] Started Uncomplicated firewall.
[[0;32m  OK  [0m] Started Load Kernel Modules.
[[0;32m  OK  [0m] Started Nameserver information manager.
[[0;32m  OK  [0m] Started LVM2 metadata daemon.
         Starting Apply Kernel Variables...
         Mounting FUSE Control File System...
         Starting udev Coldplug all Devices...
         Starting Initial cloud-init job (pre-networking)...
         Starting Load/Save Random Seed...
         Starting Create Static Device Nodes in /dev...
         Starting Flush Journal to Persistent Storage...
[[0;32m  OK  [0m] Mounted FUSE Control File System.
[[0;32m  OK  [0m] Started Apply Kernel Variables.
[[0;32m  OK  [0m] Started Load/Save Random Seed.
[[0;32m  OK  [0m] Started Monitoring of LVM2 mirrors,...ng dmeventd or progress polling.
[[0;32m  OK  [0m] Started Create Static Device Nodes in /dev.
[[0;32m  OK  [0m] Started udev Coldplug all Devices.
[[0;32m  OK  [0m] Started Flush Journal to Persistent Storage.
         Starting udev Kernel Device Manager...
[[0;32m  OK  [0m] Started udev Kernel Device Manager.
[[0;32m  OK  [0m] Started Dispatch Password Requests to Console Directory Watch.
[[0;32m  OK  [0m] Reached target Local File Systems (Pre).
[[0;32m  OK  [0m] Reached target Local File Systems.
         Starting Set console font and keymap...
         Starting Tell Plymouth To Write Out Runtime Data...
         Starting Preprocess NFS configuration...
[   63.701801] cloud-init[451]: Cloud-init v. 0.7.9 running 'init-local' at Sat, 15 Jul 2017 13:00:44 +0000. Up 63.34 seconds.
         Starting Create Volatile Files and Directories...
         Starting LSB: AppArmor initialization...
[[0;32m  OK  [0m] Started Tell Plymouth To Write Out Runtime Data.
[[0;32m  OK  [0m] Started Preprocess NFS configuration.
[[0;32m  OK  [0m] Started Set console font and keymap.
[[0;32m  OK  [0m] Started Create Volatile Files and Directories.
[[0;32m  OK  [0m] Started Initial cloud-init job (pre-networking).
[[0;32m  OK  [0m] Found device /dev/ttyS0.
[[0;32m  OK  [0m] Listening on Load/Save RF Kill Switch Status /dev/rfkill Watch.
[[0;32m  OK  [0m] Reached target Network (Pre).
         Starting Update UTMP about System Boot/Shutdown...
[[0;32m  OK  [0m] Reached target System Time Synchronized.
[[0;32m  OK  [0m] Created slice system-getty.slice.
[[0;32m  OK  [0m] Reached target NFS client services.
[[0;32m  OK  [0m] Started LSB: AppArmor initialization.
[[0;32m  OK  [0m] Started ifup for enp0s8.
         Starting Raise network interfaces...
[[0;32m  OK  [0m] Started ifup for enp0s3.
[[0;32m  OK  [0m] Started Update UTMP about System Boot/Shutdown.
[[0;32m  OK  [0m] Started Raise network interfaces.
         Starting Initial cloud-init job (metadata service crawler)...
[[0;32m  OK  [0m] Reached target Network.
[   67.227158] cloud-init[1049]: Cloud-init v. 0.7.9 running 'init' at Sat, 15 Jul 2017 13:00:48 +0000. Up 66.94 seconds.
[[0;32m  OK  [0m] Started Initial cloud-init job (metadata service crawler).
[   67.312479] cloud-init[1049]: ci-info: ++++++++++++++++++++++++++++++++++++++Net device info++++++++++++++++++++++++++++++++++++++
[   67.425061] [cloud-init[0;32m  OK  [0m[1049]: ] ci-info: +--------+------+-----------------------------+---------------+-------+-------------------+Reached target Network is Online.

[   67.425438] cloud-init[1049]: ci-info: | Device |  Up  |           Address           |      Mask     | Scope |     Hw-Address    |
[   67.640679]          cloud-initStarting iSCSI initiator daemon (iscsid)...[1049]: 
ci-info: +--------+------+-----------------------------+---------------+-------+-------------------+
[   67.748782] [cloud-init[0;32m  OK  [0m[1049]: ] Reached target System Initialization.
ci-info: | enp0s8 | True |         10.10.10.10         | 255.255.255.0 |   .   | 08:00:27:10:d7:af |
[   67.840330]          cloud-initStarting Socket activation for snappy daemon.[1049]: 
ci-info: | enp0s8 | True | fe80::a00:27ff:fe10:d7af/64 |       .       |  link | 08:00:27:10:d7:af |
[[0;32m  OK  [0m] Started Daily apt activities.
[   67.956383] cloud-init[1049]: ci-info: | enp0s3 | True |          10.0.2.15          | 255.255.255.0 |   .   | 02:15:97:25:9d:45 |
[   68.072914] [cloud-init[0;32m  OK  [0m[1049]: ] ci-info: | enp0s3 | True |  fe80::15:97ff:fe25:9d45/64 |       .       |  link | 02:15:97:25:9d:45 |Started ACPI Events Check.

[[0;32m  OK  [0m] Reached target Paths.
[   68.073317] cloud-init[1049]: ci-info: |   lo   | True |          127.0.0.1          |   255.0.0.0   |   .   |         .         |
[   68.238331]          Starting LXD - unix socket.
[[0;32m  OK  [0m] Started Timer to automatically refresh installed snaps.
[[0;32m  OK  [0m] Listening on ACPID Listen Socket.
[[0;32m  OK  [0m] Listening on D-Bus System Message Bus Socket.
[[0;32m  OK  [0m] Listening on RPCbind Server Activation Socket.
[[0;32m  OK  [0m] Started Daily Cleanup of Temporary Directories.
[[0;32m  OK  [0m] Reached target Timers.
cloud-init[1049]: ci-info: |   lo   | True |           ::1/128           |       .       |  host |         .         |
[   68.456868] [cloud-init[0;32m  OK  [0m[1049]: ] ci-info: +--------+------+-----------------------------+---------------+-------+-------------------+Listening on UUID daemon activation socket.

[[0;32m  OK  [0m] Reached target Cloud-config availability.
[   68.457306] cloud-init[1049]: ci-info: +++++++++++++++++++++++++++Route IPv4 info++++++++++++++++++++++++++++
[   68.672644] [cloud-init[0;32m  OK  [0m[1049]: ] ci-info: +-------+-------------+----------+---------------+-----------+-------+Listening on Socket activation for snappy daemon.

[[0;32m  OK  [0m] Listening on LXD - unix socket.
[[0;32m  OK  [0m] Started iSCSI initiator daemon (iscsid).
[   68.673242] cloud-init[1049]: ci-info: | Route | Destination | Gateway  |    Genmask    | Interface | Flags |
[   68.879195]          cloud-initStarting Login to default iSCSI targets...[1049]: 
ci-info: +-------+-------------+----------+---------------+-----------+-------+
[   68.964316] [cloud-init[0;32m  OK  [0m[1049]: ] ci-info: |   0   |   0.0.0.0   | 10.0.2.2 |    0.0.0.0    |   enp0s3  |   UG  |Reached target Sockets.

[[0;32m  OK  [0m] Reached target Basic System.
[[0;32m  OK  [0m] Started Unattended Upgrades Shutdown.
[   68.964710] cloud-init[1049]: ci-info: |   1   |   10.0.2.0  | 0.0.0.0  | 255.255.255.0 |   enp0s3  |   U   |
         Starting Accounts Service...
[   69.136364] cloud-init[1049]: ci-info: |   2   |  10.10.10.0 | 0.0.0.0  | 255.255.255.0 |   enp0s8  |   U   |
[   69.212948]          cloud-initStarting LXD - container startup/shutdown...[1049]: 
ci-info: +-------+-------------+----------+---------------+-----------+-------+
         Starting OpenBSD Secure Shell server...
[[0;32m  OK  [0m] Started FUSE filesystem for LXC.
[[0;32m  OK  [0m] Started D-Bus System Message Bus.
         Starting System Logging Service...
[[0;32m  OK  [0m] Started Deferred execution scheduler.
         Starting /etc/rc.local Compatibility...
         Starting PostgreSQL Cluster 9.5-main...
         Starting Login Service...
[[0;32m  OK  [0m] Started Regular background program processing daemon.
         Starting LSB: Record successful boot for GRUB...
[[0;32m  OK  [0m] Started ACPI event daemon.
         Starting LSB: MD monitoring daemon...
         Starting Apply the settings specified in cloud-config...
[[0;32m  OK  [0m] Started Snappy daemon.
         Starting Auto import assertions from block devices...
[[0;32m  OK  [0m] Started OpenBSD Secure Shell server.
[[0;32m  OK  [0m] Started System Logging Service.
[[0;32m  OK  [0m] Started LXD - container startup/shutdown.
[[0;32m  OK  [0m] Started /etc/rc.local Compatibility.
[[0;32m  OK  [0m] Started Auto import assertions from block devices.
[[0;32m  OK  [0m] Started Login to default iSCSI targets.
[   70.315929] cloud-init[1172]: Cloud-init v. 0.7.9 running 'modules:config' at Sat, 15 Jul 2017 13:00:51 +0000. Up 70.22 seconds.
[[0;32m  OK  [0m] Started LSB: Record successful boot for GRUB.
[[0;32m  OK  [0m] Started LSB: MD monitoring daemon.
[[0;32m  OK  [0m] Started Apply the settings specified in cloud-config.
[[0;32m  OK  [0m] Started Login Service.
         Starting Authenticate and Authorize Users to Run Privileged Tasks...
[[0;32m  OK  [0m] Reached target Remote File Systems (Pre).
[[0;32m  OK  [0m] Reached target Remote File Systems.
         Starting LSB: Start/stop sysstat's sadc...
         Starting LSB: VirtualBox Linux Additions...
         Starting LSB: daemon to balance interrupts for SMP systems...
         Starting LSB: Set the CPU Frequency Scaling governor to "ondemand"...
         Starting Permit User Sessions...
         Starting LSB: automatic crash report generation...
[[0;32m  OK  [0m] Started Permit User Sessions.
[[0;32m  OK  [0m] Started Authenticate and Authorize Users to Run Privileged Tasks.
[[0;32m  OK  [0m] Started Accounts Service.
[[0;32m  OK  [0m] Started LSB: Start/stop sysstat's sadc.
[[0;32m  OK  [0m] Started LSB: Set the CPU Frequency Scaling governor to "ondemand".
[[0;32m  OK  [0m] Started LSB: VirtualBox Linux Additions.
[[0;32m  OK  [0m] Started LSB: daemon to balance interrupts for SMP systems.
[[0;32m  OK  [0m] Created slice User Slice of ubuntu.
[[0;32m  OK  [0m] Started Session 1 of user ubuntu.
         Starting User Manager for UID 1000...
         Starting Hold until boot process finishes up...
         Starting Terminate Plymouth Boot Screen...
[[0;32m  OK  [0m] Started User Manager for UID 1000.
[[0;32m  OK  [0m] Started LSB: automatic crash report generation.
[[0;32m  OK  [0m] Started PostgreSQL Cluster 9.5-main.
[[0;32m  OK  [0m] Started Hold until boot process finishes up.
[[0;32m  OK  [0m] Started Terminate Plymouth Boot Screen.
[[0;32m  OK  [0m] Started Getty on tty1.
[[0;32m  OK  [0m] Started Serial Getty on ttyS0.
[[0;32m  OK  [0m] Reached target Login Prompts.
         Starting Set console scheme...
         Starting PostgreSQL RDBMS...
[[0;32m  OK  [0m] Started Set console scheme.
[[0;32m  OK  [0m] Started PostgreSQL RDBMS.
[[0;32m  OK  [0m] Reached target Multi-User System.
         Starting Execute cloud user/final scripts...
[[0;32m  OK  [0m] Reached target Graphical Interface.
         Starting Update UTMP about System Runlevel Changes...
[[0;32m  OK  [0m] Started Update UTMP about System Runlevel Changes.
[   72.798342] cloud-init[1344]: Cloud-init v. 0.7.9 running 'modules:final' at Sat, 15 Jul 2017 13:00:54 +0000. Up 72.68 seconds.
[   72.924889] cloud-init[1344]: Cloud-init v. 0.7.9 finished at Sat, 15 Jul 2017 13:00:54 +0000. Datasource DataSourceNoCloud [seed=/dev/sdb][dsmode=net].  Up 72.79 seconds
[[0;32m  OK  [0m] Started Execute cloud user/final scripts.
[[0;32m  OK  [0m] Reached target Cloud-init target.

Ubuntu 16.04.2 LTS ubuntu-xenial ttyS0

ubuntu-xenial login: 